2021-06-08 17:16:10 INFO  [Naukri] Report Path : D:\Users\chk017\Eclipse_Projects\ckSampleProject/Reports/Naukri_08-06-2021_05.16.05.html 
2021-06-08 17:22:29 INFO  [Naukri] Report Path : D:\Users\chk017\Eclipse_Projects\ckSampleProject/Reports/Naukri_08-06-2021_05.22.29.html 
2021-06-08 17:37:31 INFO  [Naukri] Report Path : D:\Users\chk017\Eclipse_Projects\ckSampleProject/Reports/Naukri_08-06-2021_05.37.30.html 
2021-06-09 12:10:12 INFO  [Naukri] Report Path : D:\Users\chk017\Eclipse_Projects\ckSampleProject/Reports/Naukri_09-06-2021_12.10.12.html 
2021-06-09 12:30:06 INFO  [Naukri] Report Path : D:\Users\chk017\Eclipse_Projects\ckSampleProject/Reports/Naukri_09-06-2021_12.30.06.html 
2021-06-09 12:31:21 INFO  [Naukri] Maximizing the window 
2021-06-09 12:31:21 INFO  [Naukri] Deleting cookies 
2021-06-09 12:31:21 INFO  [naukriupdate]  
 <<<<<<<<<<<<<<<<<<<<<<   starting Test  :  naukriupdate  >>>>>>>>>>>>>>>>>>>>>>> 
2021-06-09 12:31:22 INFO  [naukriupdate] System is retrieving test data... 
2021-06-09 12:31:23 INFO  [naukriupdate] Waiting for 1 seconds 
2021-06-09 12:31:23 INFO  [naukriupdate] Element :"Login Link element" found within the Time 
2021-06-09 12:31:24 INFO  [naukriupdate] Waiting for 1 seconds 
2021-06-09 12:31:24 INFO  [naukriupdate] Login Link element is present in the page 
2021-06-09 12:31:25 INFO  [naukriupdate] Waiting for 1 seconds 
2021-06-09 12:31:25 INFO  [naukriupdate] Element :"Login Link" found within the Time 
2021-06-09 12:31:25 INFO  [naukriupdate] System successfully clicked on the element "Login Link" 
2021-06-09 12:31:27 INFO  [naukriupdate] Waiting for 1 seconds 
2021-06-09 12:31:27 INFO  [naukriupdate] Element :"Username Text field" found within the Time 
2021-06-09 12:31:28 INFO  [naukriupdate] Waiting for 1 seconds 
2021-06-09 12:31:28 INFO  [naukriupdate] Username Text field is present in the page 
2021-06-09 12:31:29 INFO  [naukriupdate] Waiting for 1 seconds 
2021-06-09 12:31:29 INFO  [naukriupdate] Element :"user name text fieeld" found within the Time 
2021-06-09 12:31:29 INFO  [naukriupdate] Value = "username@gmail.com" is entered successfully in Textfield : "user name text fieeld" 
2021-06-09 12:31:30 INFO  [naukriupdate] Waiting for 1 seconds 
2021-06-09 12:31:30 INFO  [naukriupdate] Element :"Password text field" found within the Time 
2021-06-09 12:31:31 INFO  [naukriupdate] Value = "Pass123" is entered successfully in Textfield : "Password text field" 
2021-06-09 12:31:32 INFO  [naukriupdate] Waiting for 1 seconds 
2021-06-09 12:31:32 INFO  [naukriupdate] Element :"Login Button" found within the Time 
2021-06-09 12:31:32 INFO  [naukriupdate] System successfully clicked on the element "Login Button" 
2021-06-09 13:28:42 INFO  [Naukri] Report Path : D:\Users\chk017\Eclipse_Projects\ckSampleProject/Reports/Naukri_09-06-2021_01.28.42.html 
2021-06-09 13:29:03 INFO  [Naukri] Maximizing the window 
2021-06-09 13:29:03 INFO  [Naukri] Deleting cookies 
2021-06-09 13:29:04 INFO  [naukriupdate]  
 <<<<<<<<<<<<<<<<<<<<<<   starting Test  :  naukriupdate  >>>>>>>>>>>>>>>>>>>>>>> 
2021-06-09 13:29:04 INFO  [naukriupdate] System is retrieving test data... 
2021-06-09 13:29:05 INFO  [naukriupdate]  
 
 =============================$$$$$$$$$$$$$$$$$$$$  -  End of Report  -  $$$$$$$$$$$$$$$$$$$$=================================================== 
